<?xml version="1.0" encoding="UTF-8"?>
<testng-results skipped="0" failed="0" ignored="0" total="1" passed="1">
  <reporter-output>
  </reporter-output>
  <suite name="Default suite" duration-ms="35420" started-at="2019-07-29T04:39:53Z" finished-at="2019-07-29T04:40:28Z">
    <groups>
      <group name="cucumber">
        <method signature="TestRunner.feature(cucumber.api.testng.CucumberFeatureWrapper)[pri:0, instance:com.shaadi.automation.testrunner.TestRunner@490ab905]" name="feature" class="com.shaadi.automation.testrunner.TestRunner"/>
      </group> <!-- cucumber -->
    </groups>
    <test name="Default test" duration-ms="35420" started-at="2019-07-29T04:39:53Z" finished-at="2019-07-29T04:40:28Z">
      <class name="com.shaadi.automation.testrunner.TestRunner">
        <test-method status="PASS" signature="setUpClass()[pri:0, instance:com.shaadi.automation.testrunner.TestRunner@490ab905]" name="setUpClass" is-config="true" duration-ms="445" started-at="2019-07-29T04:39:53Z" finished-at="2019-07-29T04:39:53Z">
          <reporter-output>
          </reporter-output>
        </test-method> <!-- setUpClass -->
        <test-method status="PASS" signature="feature(cucumber.api.testng.CucumberFeatureWrapper)[pri:0, instance:com.shaadi.automation.testrunner.TestRunner@490ab905]" name="feature" duration-ms="34785" started-at="2019-07-29T04:39:53Z" description="Runs Cucumber Feature" data-provider="features" finished-at="2019-07-29T04:40:28Z">
          <params>
            <param index="0">
              <value>
                <![CDATA[Scenario to verify the Mother tongue matches the community]]>
              </value>
            </param>
          </params>
          <reporter-output>
          </reporter-output>
        </test-method> <!-- feature -->
        <test-method status="PASS" signature="tearDownClass()[pri:0, instance:com.shaadi.automation.testrunner.TestRunner@490ab905]" name="tearDownClass" is-config="true" duration-ms="37" started-at="2019-07-29T04:40:28Z" finished-at="2019-07-29T04:40:28Z">
          <reporter-output>
          </reporter-output>
        </test-method> <!-- tearDownClass -->
      </class> <!-- com.shaadi.automation.testrunner.TestRunner -->
    </test> <!-- Default test -->
  </suite> <!-- Default suite -->
</testng-results>
